<?xml version="1.0" encoding="UTF-8"?>
<testng-results skipped="0" failed="0" ignored="0" total="2" passed="2">
  <reporter-output>
  </reporter-output>
  <suite name="Default suite" duration-ms="9503" started-at="2022-03-28T17:41:27 IST" finished-at="2022-03-28T17:41:36 IST">
    <groups>
    </groups>
    <test name="Default test" duration-ms="9503" started-at="2022-03-28T17:41:27 IST" finished-at="2022-03-28T17:41:36 IST">
      <class name="com.testcases.LoginPageTest">
        <test-method status="PASS" signature="browserinti()[pri:0, instance:com.testcases.LoginPageTest@757942a1]" name="browserinti" is-config="true" duration-ms="13634" started-at="2022-03-28T17:41:13 IST" finished-at="2022-03-28T17:41:26 IST">
          <reporter-output>
          </reporter-output>
        </test-method> <!-- browserinti -->
        <test-method status="PASS" signature="startTest()[pri:0, instance:com.testcases.LoginPageTest@757942a1]" name="startTest" is-config="true" duration-ms="344" started-at="2022-03-28T17:41:26 IST" depends-on-methods="com.commonfunctionality.BrowserLaunch.browserinti" finished-at="2022-03-28T17:41:27 IST">
          <reporter-output>
          </reporter-output>
        </test-method> <!-- startTest -->
        <test-method status="PASS" signature="TC2()[pri:1, instance:com.testcases.LoginPageTest@757942a1]" name="TC2" duration-ms="3019" started-at="2022-03-28T17:41:27 IST" description="verify that user is unable to login successfully with invalid credentials" finished-at="2022-03-28T17:41:30 IST">
          <reporter-output>
          </reporter-output>
        </test-method> <!-- TC2 -->
        <test-method status="PASS" signature="TC1()[pri:2, instance:com.testcases.LoginPageTest@757942a1]" name="TC1" duration-ms="6386" started-at="2022-03-28T17:41:30 IST" description="verify that user is able to login successfully with valid credentials" finished-at="2022-03-28T17:41:36 IST">
          <reporter-output>
          </reporter-output>
        </test-method> <!-- TC1 -->
        <test-method status="PASS" signature="endTest()[pri:0, instance:com.testcases.LoginPageTest@757942a1]" name="endTest" is-config="true" duration-ms="782" started-at="2022-03-28T17:41:36 IST" finished-at="2022-03-28T17:41:37 IST">
          <reporter-output>
          </reporter-output>
        </test-method> <!-- endTest -->
        <test-method status="PASS" signature="TearDown()[pri:0, instance:com.testcases.LoginPageTest@757942a1]" name="TearDown" is-config="true" duration-ms="1262" started-at="2022-03-28T17:41:37 IST" depends-on-methods="com.commonfunctionality.Reporter.endTest" finished-at="2022-03-28T17:41:38 IST">
          <reporter-output>
          </reporter-output>
        </test-method> <!-- TearDown -->
      </class> <!-- com.testcases.LoginPageTest -->
    </test> <!-- Default test -->
  </suite> <!-- Default suite -->
</testng-results>
